C51 COMPILER V9.59.0.0   DHT11                                                             05/07/2023 00:18:29 PAGE 1   


C51 COMPILER V9.59.0.0, COMPILATION OF MODULE DHT11
OBJECT MODULE PLACED IN .\Objects\DHT11.obj
COMPILER INVOKED BY: D:\keil\keil_mdk\C51\BIN\C51.EXE DHT11.c LARGE OMF2 OPTIMIZE(8,SPEED) BROWSE DEBUG PRINT(.\Listings
                    -\DHT11.lst) OBJECT(.\Objects\DHT11.obj)

line level    source

   1          #include "DHT11.h"
   2          
   3          void Delay20ms()                //@11.0592MHz
   4          {
   5   1              unsigned char i, j;
   6   1      
   7   1              i = 216;
   8   1              j = 37;
   9   1              do
  10   1              {
  11   2                      while (--j);
  12   2              } while (--i);
  13   1      }
  14          
  15          void Delay50us()                //@11.0592MHz
  16          {
  17   1              unsigned char i;
  18   1      
  19   1              _nop_();
  20   1              _nop_();
  21   1              _nop_();
  22   1              i = 135;
  23   1              while (--i);
  24   1      }
  25          
  26          void Delay33us()                //@11.0592MHz
  27          {
  28   1              unsigned char i;
  29   1      
  30   1              _nop_();
  31   1              _nop_();
  32   1              _nop_();
  33   1              i = 88;
  34   1              while (--i);
  35   1      }
  36          
  37          void DHT11_Start()
  38          {
  39   1          dht = 1;
  40   1          dht = 0;
  41   1          Delay20ms();
  42   1          dht = 1;
  43   1          Delay50us();
  44   1          if(dht == 0)
  45   1          {
  46   2              //检测到响应信号
  47   2              while (!dht);
  48   2              while (dht);
  49   2          }
  50   1          else{
  51   2      
  52   2          }
  53   1      }
  54          
C51 COMPILER V9.59.0.0   DHT11                                                             05/07/2023 00:18:29 PAGE 2   

  55          u8 DHT11_ReadByte()
  56          {
  57   1          u8 flag,i;
  58   1          u8 value = 0;
  59   1          for(i = 0;i<8;i++)
  60   1          {
  61   2              while(!dht);    //跳过起始位的50us
  62   2              Delay33us();
  63   2              if(dht == 1)
  64   2              {
  65   3                  flag = 1;
  66   3                  while (dht);  
  67   3              }
  68   2              else{
  69   3                  flag = 0;
  70   3              }
  71   2              value <<= 1;    //左移一位
  72   2              value |= flag;  //给最低位赋值
  73   2          }
  74   1      
  75   1          return value;
  76   1      }
  77          
  78          float DHT11_Get_Humidity()
  79          {
  80   1          u8 DHT_U8= 0;
  81   1          float DHT_FL = 0;
  82   1      
  83   1      
  84   1          DHT11_Start();
  85   1          DHT_U8 = DHT11_ReadByte();
  86   1          DHT_FL = DHT11_ReadByte() / 100.0;
  87   1          return DHT_U8 + DHT_FL;
  88   1      }


MODULE INFORMATION:   STATIC OVERLAYABLE
   CODE SIZE        =    164    ----
   CONSTANT SIZE    =   ----    ----
   XDATA SIZE       =   ----       5
   PDATA SIZE       =   ----    ----
   DATA SIZE        =   ----    ----
   IDATA SIZE       =   ----    ----
   BIT SIZE         =   ----    ----
   EDATA SIZE       =   ----    ----
   HDATA SIZE       =   ----    ----
   XDATA CONST SIZE =   ----    ----
   FAR CONST SIZE   =   ----    ----
END OF MODULE INFORMATION.


C51 COMPILATION COMPLETE.  0 WARNING(S),  0 ERROR(S)
