C51 COMPILER V9.59.0.0   KEY                                                               05/07/2023 00:18:29 PAGE 1   


C51 COMPILER V9.59.0.0, COMPILATION OF MODULE KEY
OBJECT MODULE PLACED IN .\Objects\key.obj
COMPILER INVOKED BY: D:\keil\keil_mdk\C51\BIN\C51.EXE key.c LARGE OMF2 OPTIMIZE(8,SPEED) BROWSE DEBUG PRINT(.\Listings\k
                    -ey.lst) OBJECT(.\Objects\key.obj)

line level    source

   1          #include "key.h"
   2          u8 _4Keys_Scan();
   3          u8 _16Keys_Scan();
   4          
   5          u8 key_value = 0;
   6          
   7          void Timer_Long_Press(u8 key_total, u8 *get_value)
   8          {
   9   1          if (key_total == 4)
  10   1          {
  11   2              *get_value = _4Keys_Scan();
  12   2          }
  13   1          else
  14   1          {
  15   2              *get_value = _16Keys_Scan();
  16   2          }
  17   1      }
  18          
  19          // mode == 0为 短按模式, 1为长按模式
  20          void Timer_Keys_Scan(u8 key_total) //记录最近一次按下的按键值
  21          {
  22   1          static u8 now_state = 0, last_state = 0;
  23   1      
  24   1          last_state = now_state;
  25   1      
  26   1          if (key_total == 4)
  27   1              now_state = _4Keys_Scan();
  28   1          else
  29   1              now_state = _16Keys_Scan();
  30   1      
  31   1          //确保上一个10ms检测到了按键按下,并且这次检测松手了记为一次有效按键操作
  32   1          if (last_state != 0 && now_state == 0)
  33   1          {
  34   2              key_value = last_state; //并将按键值存储于key_value
  35   2          }
  36   1      }
  37          
  38          u8 read_key_value() //在短按模式下,当外部访问此函数时候,返回储存的按键值给调用者,且按键值key_value复位为0
  39          {
  40   1          u8 temp = 0;
  41   1          temp = key_value;
  42   1          key_value = 0;
  43   1          return temp;
  44   1      }
  45          
  46          u8 _4Keys_Scan()
  47          {
  48   1          u8 key_num = 0;
  49   1          if (KEY_S4_PIN == 0)
  50   1              key_num = S4_PRESS;
  51   1          else if (KEY_S5_PIN == 0)
  52   1              key_num = S5_PRESS;
  53   1          // else if (KEY_S6_PIN == 0)
  54   1          //     key_num = S6_PRESS;
C51 COMPILER V9.59.0.0   KEY                                                               05/07/2023 00:18:29 PAGE 2   

  55   1          // else if (KEY_S7_PIN == 0)
  56   1          //     key_num = S7_PRESS;
  57   1      
  58   1          return key_num;
  59   1      }
  60          
  61          u8 _16Keys_Scan()
  62          {
  63   1          u8 key_num = 0;
  64   1          KEY_16_REG = 0x0f;
  65   1          P42 = 0;
  66   1          P44 = 0;
  67   1          if (KEY_16_REG != 0x0f)
  68   1          {
  69   2              KEY_16_REG = 0x0f;
  70   2              switch (KEY_16_REG)
  71   2              {
  72   3              case 0x07:
  73   3                  key_num = 4;
  74   3                  break;
  75   3              case 0x0b:
  76   3                  key_num = 5;
  77   3                  break;
  78   3              case 0x0d:
  79   3                  key_num = 6;
  80   3                  break;
  81   3              case 0x0e:
  82   3                  key_num = 7;
  83   3                  break;
  84   3              }
  85   2              KEY_16_REG = 0xf0;
  86   2              P42 = 1;
  87   2              P44 = 1;
  88   2              if (!P44)
  89   2                  key_num = key_num;
  90   2              if (!P42)
  91   2                  key_num = key_num + 4;
  92   2              if (!P35)
  93   2                  key_num = key_num + 8;
  94   2              if (!P34)
  95   2                  key_num = key_num + 12;
  96   2          }
  97   1      
  98   1          return key_num;
  99   1      }


MODULE INFORMATION:   STATIC OVERLAYABLE
   CODE SIZE        =    185    ----
   CONSTANT SIZE    =   ----    ----
   XDATA SIZE       =      3       3
   PDATA SIZE       =   ----    ----
   DATA SIZE        =   ----    ----
   IDATA SIZE       =   ----    ----
   BIT SIZE         =   ----    ----
   EDATA SIZE       =   ----    ----
   HDATA SIZE       =   ----    ----
   XDATA CONST SIZE =   ----    ----
   FAR CONST SIZE   =   ----    ----
END OF MODULE INFORMATION.


C51 COMPILATION COMPLETE.  0 WARNING(S),  0 ERROR(S)
